2019-10-22 15:56:18.531 T:1901765472  NOTICE: -----------------------------------------------------------------------
2019-10-22 15:56:18.532 T:1901765472  NOTICE: Starting Kodi (18.2 Git:20190428-a94ccc8ba5). Platform: Linux ARM 32-bit
2019-10-22 15:56:18.532 T:1901765472  NOTICE: Using Release Kodi x32 build (version for Raspberry Pi)
2019-10-22 15:56:18.532 T:1901765472  NOTICE: Kodi compiled 2019-04-30 by GCC 6.3.0 for Linux ARM 32-bit version 4.9.82 (264530)
2019-10-22 15:56:18.532 T:1901765472  NOTICE: Running on Raspbian GNU/Linux 9 (stretch), kernel: Linux ARM 32-bit version 4.14.98-v7+
2019-10-22 15:56:18.546 T:1901765472  NOTICE: FFmpeg version/source: 4.0.3-Kodi
2019-10-22 15:56:18.546 T:1901765472  NOTICE: Host CPU: ARMv7 Processor rev 4 (v7l), 4 cores available
2019-10-22 15:56:18.546 T:1901765472  NOTICE: ARM Features: Neon enabled
2019-10-22 15:56:18.546 T:1901765472  NOTICE: special://xbmc/ is mapped to: /usr/share/kodi
2019-10-22 15:56:18.546 T:1901765472  NOTICE: special://xbmcbin/ is mapped to: /usr/lib/arm-linux-gnueabihf/kodi
2019-10-22 15:56:18.546 T:1901765472  NOTICE: special://xbmcbinaddons/ is mapped to: /usr/lib/arm-linux-gnueabihf/kodi/addons
2019-10-22 15:56:18.546 T:1901765472  NOTICE: special://masterprofile/ is mapped to: /home/pi/.kodi/userdata
2019-10-22 15:56:18.546 T:1901765472  NOTICE: special://envhome/ is mapped to: /home/pi
2019-10-22 15:56:18.546 T:1901765472  NOTICE: special://home/ is mapped to: /home/pi/.kodi
2019-10-22 15:56:18.546 T:1901765472  NOTICE: special://temp/ is mapped to: /home/pi/.kodi/temp
2019-10-22 15:56:18.546 T:1901765472  NOTICE: special://logpath/ is mapped to: /home/pi/.kodi/temp
2019-10-22 15:56:18.546 T:1901765472  NOTICE: The executable running is: /usr/lib/arm-linux-gnueabihf/kodi/kodi-rbpi_v7
2019-10-22 15:56:18.546 T:1901765472  NOTICE: Local hostname: retropie
2019-10-22 15:56:18.546 T:1901765472  NOTICE: Log File is located: /home/pi/.kodi/temp/kodi.log
2019-10-22 15:56:18.547 T:1901765472  NOTICE: -----------------------------------------------------------------------
2019-10-22 15:56:18.566 T:1901765472    INFO: loading settings
2019-10-22 15:56:18.567 T:1901765472  NOTICE: special://profile/ is mapped to: special://masterprofile/
2019-10-22 15:56:18.594 T:1901765472   DEBUG: CSkinSettings: no <skinsettings> tag found
2019-10-22 15:56:18.607 T:1901765472  NOTICE: Loaded settings file from special://xbmc/system/advancedsettings.xml
2019-10-22 15:56:18.607 T:1901765472  NOTICE: Contents of special://xbmc/system/advancedsettings.xml are...
                                            <?xml version="1.0" encoding="UTF-8" ?>
                                            <advancedsettings>
                                              <fanartres>720</fanartres>
                                              <imageres>540</imageres>
                                              <video>
                                                <busydialogdelayms>750</busydialogdelayms>
                                              </video>
                                              <samba>
                                                <clienttimeout>30</clienttimeout>
                                              </samba>
                                              <cache>
                                                <memorysize>31457280</memorysize>
                                              </cache>
                                            </advancedsettings>
2019-10-22 15:56:18.607 T:1901765472 WARNING: CSettingsManager: missing version attribute
2019-10-22 15:56:18.609 T:1901765472  NOTICE: No settings file to load (special://masterprofile/advancedsettings.xml)
2019-10-22 15:56:18.609 T:1901765472  NOTICE: Default Video Player: VideoPlayer
2019-10-22 15:56:18.609 T:1901765472  NOTICE: Default Audio Player: paplayer
2019-10-22 15:56:18.609 T:1901765472  NOTICE: Disabled debug logging due to GUI setting. Level 0.
2019-10-22 15:56:18.609 T:1901765472  NOTICE: Log level changed to "LOG_LEVEL_NORMAL"
2019-10-22 15:56:19.193 T:1901765472  NOTICE: Running database version Addons27
2019-10-22 15:56:19.440 T:1901765472  NOTICE: ADDON: audioencoder.kodi.builtin.aac v1.0.0 installed
2019-10-22 15:56:19.440 T:1901765472  NOTICE: ADDON: audioencoder.kodi.builtin.wma v1.0.0 installed
2019-10-22 15:56:19.440 T:1901765472  NOTICE: ADDON: game.controller.default v1.0.8 installed
2019-10-22 15:56:19.440 T:1901765472  NOTICE: ADDON: game.controller.snes v1.0.8 installed
2019-10-22 15:56:19.440 T:1901765472  NOTICE: ADDON: inputstream.adaptive v2.3.17 installed
2019-10-22 15:56:19.440 T:1901765472  NOTICE: ADDON: inputstream.rtmp v2.0.5 installed
2019-10-22 15:56:19.441 T:1901765472  NOTICE: ADDON: kodi.binary.global.audioengine v1.0.1 installed
2019-10-22 15:56:19.441 T:1901765472  NOTICE: ADDON: kodi.binary.global.filesystem v1.0.2 installed
2019-10-22 15:56:19.441 T:1901765472  NOTICE: ADDON: kodi.binary.global.general v1.0.3 installed
2019-10-22 15:56:19.441 T:1901765472  NOTICE: ADDON: kodi.binary.global.gui v5.12.0 installed
2019-10-22 15:56:19.441 T:1901765472  NOTICE: ADDON: kodi.binary.global.main v1.0.14 installed
2019-10-22 15:56:19.441 T:1901765472  NOTICE: ADDON: kodi.binary.global.network v1.0.0 installed
2019-10-22 15:56:19.441 T:1901765472  NOTICE: ADDON: kodi.binary.instance.audiodecoder v2.0.0 installed
2019-10-22 15:56:19.441 T:1901765472  NOTICE: ADDON: kodi.binary.instance.audioencoder v2.0.0 installed
2019-10-22 15:56:19.441 T:1901765472  NOTICE: ADDON: kodi.binary.instance.game v1.1.0 installed
2019-10-22 15:56:19.441 T:1901765472  NOTICE: ADDON: kodi.binary.instance.imagedecoder v2.0.0 installed
2019-10-22 15:56:19.441 T:1901765472  NOTICE: ADDON: kodi.binary.instance.inputstream v2.0.8 installed
2019-10-22 15:56:19.441 T:1901765472  NOTICE: ADDON: kodi.binary.instance.peripheral v1.3.7 installed
2019-10-22 15:56:19.441 T:1901765472  NOTICE: ADDON: kodi.binary.instance.pvr v5.10.3 installed
2019-10-22 15:56:19.441 T:1901765472  NOTICE: ADDON: kodi.binary.instance.screensaver v2.0.0 installed
2019-10-22 15:56:19.441 T:1901765472  NOTICE: ADDON: kodi.binary.instance.vfs v2.0.0 installed
2019-10-22 15:56:19.441 T:1901765472  NOTICE: ADDON: kodi.binary.instance.videocodec v1.0.1 installed
2019-10-22 15:56:19.441 T:1901765472  NOTICE: ADDON: kodi.binary.instance.visualization v2.0.1 installed
2019-10-22 15:56:19.441 T:1901765472  NOTICE: ADDON: kodi.resource v1.0.0 installed
2019-10-22 15:56:19.441 T:1901765472  NOTICE: ADDON: metadata.album.universal v3.1.2 installed
2019-10-22 15:56:19.441 T:1901765472  NOTICE: ADDON: metadata.artists.universal v4.3.2 installed
2019-10-22 15:56:19.441 T:1901765472  NOTICE: ADDON: metadata.common.allmusic.com v3.2.1 installed
2019-10-22 15:56:19.441 T:1901765472  NOTICE: ADDON: metadata.common.fanart.tv v3.6.2 installed
2019-10-22 15:56:19.441 T:1901765472  NOTICE: ADDON: metadata.common.imdb.com v3.1.4 installed
2019-10-22 15:56:19.441 T:1901765472  NOTICE: ADDON: metadata.common.musicbrainz.org v2.2.1 installed
2019-10-22 15:56:19.441 T:1901765472  NOTICE: ADDON: metadata.common.theaudiodb.com v2.0.3 installed
2019-10-22 15:56:19.441 T:1901765472  NOTICE: ADDON: metadata.common.themoviedb.org v3.1.10 installed
2019-10-22 15:56:19.441 T:1901765472  NOTICE: ADDON: metadata.local v1.0.0 installed
2019-10-22 15:56:19.441 T:1901765472  NOTICE: ADDON: metadata.themoviedb.org v5.1.9 installed
2019-10-22 15:56:19.441 T:1901765472  NOTICE: ADDON: metadata.tvshows.themoviedb.org v3.1.3 installed
2019-10-22 15:56:19.441 T:1901765472  NOTICE: ADDON: peripheral.joystick v1.4.7 installed
2019-10-22 15:56:19.441 T:1901765472  NOTICE: ADDON: repository.xbmc.org v3.1.5 installed
2019-10-22 15:56:19.441 T:1901765472  NOTICE: ADDON: resource.images.weathericons.default v1.1.8 installed
2019-10-22 15:56:19.441 T:1901765472  NOTICE: ADDON: resource.language.en_gb v2.0.1 installed
2019-10-22 15:56:19.441 T:1901765472  NOTICE: ADDON: resource.uisounds.kodi v1.0.0 installed
2019-10-22 15:56:19.442 T:1901765472  NOTICE: ADDON: screensaver.xbmc.builtin.black v1.0.32 installed
2019-10-22 15:56:19.442 T:1901765472  NOTICE: ADDON: screensaver.xbmc.builtin.dim v1.0.54 installed
2019-10-22 15:56:19.442 T:1901765472  NOTICE: ADDON: script.module.pil v1.1.7 installed
2019-10-22 15:56:19.442 T:1901765472  NOTICE: ADDON: script.module.pycryptodome v3.4.3 installed
2019-10-22 15:56:19.442 T:1901765472  NOTICE: ADDON: service.xbmc.versioncheck v0.4.6 installed
2019-10-22 15:56:19.442 T:1901765472  NOTICE: ADDON: skin.confluence v4.6.9 installed
2019-10-22 15:56:19.442 T:1901765472  NOTICE: ADDON: skin.estouchy v2.0.23 installed
2019-10-22 15:56:19.442 T:1901765472  NOTICE: ADDON: skin.estuary v2.0.22 installed
2019-10-22 15:56:19.442 T:1901765472  NOTICE: ADDON: vfs.libarchive v1.0.5 installed
2019-10-22 15:56:19.442 T:1901765472  NOTICE: ADDON: vfs.nfs v1.0.1 installed
2019-10-22 15:56:19.442 T:1901765472  NOTICE: ADDON: vfs.sftp v1.0.1 installed
2019-10-22 15:56:19.442 T:1901765472  NOTICE: ADDON: webinterface.default v18.x-2.4.6 installed
2019-10-22 15:56:19.442 T:1901765472  NOTICE: ADDON: xbmc.addon v18.2.0 installed
2019-10-22 15:56:19.442 T:1901765472  NOTICE: ADDON: xbmc.core v0.1.0 installed
2019-10-22 15:56:19.442 T:1901765472  NOTICE: ADDON: xbmc.gui v5.14.0 installed
2019-10-22 15:56:19.442 T:1901765472  NOTICE: ADDON: xbmc.json v10.3.0 installed
2019-10-22 15:56:19.442 T:1901765472  NOTICE: ADDON: xbmc.metadata v2.1.0 installed
2019-10-22 15:56:19.442 T:1901765472  NOTICE: ADDON: xbmc.python v2.26.0 installed
2019-10-22 15:56:19.442 T:1901765472  NOTICE: ADDON: xbmc.webinterface v1.0.0 installed
2019-10-22 15:56:19.746 T:1901765472   ERROR: DBus error: org.freedesktop.DBus.Error.ServiceUnknown - The name org.freedesktop.UPower was not provided by any .service files
2019-10-22 15:56:19.998 T:1870656224  NOTICE: Found 2 Lists of Devices
2019-10-22 15:56:19.998 T:1870656224  NOTICE: Enumerated ALSA devices:
2019-10-22 15:56:19.998 T:1870656224  NOTICE:     Device 1
2019-10-22 15:56:19.999 T:1870656224  NOTICE:         m_deviceName      : @
2019-10-22 15:56:19.999 T:1870656224  NOTICE:         m_displayName     : Default (bcm2835 ALSA bcm2835 ALSA)
2019-10-22 15:56:19.999 T:1870656224  NOTICE:         m_displayNameExtra:
2019-10-22 15:56:19.999 T:1870656224  NOTICE:         m_deviceType      : AE_DEVTYPE_PCM
2019-10-22 15:56:19.999 T:1870656224  NOTICE:         m_channels        : FL, FR
2019-10-22 15:56:19.999 T:1870656224  NOTICE:         m_sampleRates     : 8000,11025,16000,22050,32000,44100,48000
2019-10-22 15:56:19.999 T:1870656224  NOTICE:         m_dataFormats     : AE_FMT_S16NE,AE_FMT_S16LE,AE_FMT_U8
2019-10-22 15:56:19.999 T:1870656224  NOTICE:         m_streamTypes     : No passthrough capabilities
2019-10-22 15:56:19.999 T:1870656224  NOTICE:     Device 2
2019-10-22 15:56:19.999 T:1870656224  NOTICE:         m_deviceName      : sysdefault:CARD=ALSA
2019-10-22 15:56:19.999 T:1870656224  NOTICE:         m_displayName     : bcm2835 ALSA
2019-10-22 15:56:19.999 T:1870656224  NOTICE:         m_displayNameExtra: bcm2835 ALSA
2019-10-22 15:56:19.999 T:1870656224  NOTICE:         m_deviceType      : AE_DEVTYPE_PCM
2019-10-22 15:56:19.999 T:1870656224  NOTICE:         m_channels        : FL, FR
2019-10-22 15:56:19.999 T:1870656224  NOTICE:         m_sampleRates     : 8000,11025,16000,22050,32000,44100,48000
2019-10-22 15:56:19.999 T:1870656224  NOTICE:         m_dataFormats     : AE_FMT_S16NE,AE_FMT_S16LE,AE_FMT_U8
2019-10-22 15:56:19.999 T:1870656224  NOTICE:         m_streamTypes     : No passthrough capabilities
2019-10-22 15:56:19.999 T:1870656224  NOTICE: Enumerated PI devices:
2019-10-22 15:56:19.999 T:1870656224  NOTICE:     Device 1
2019-10-22 15:56:19.999 T:1870656224  NOTICE:         m_deviceName      : HDMI
2019-10-22 15:56:19.999 T:1870656224  NOTICE:         m_displayName     : HDMI
2019-10-22 15:56:19.999 T:1870656224  NOTICE:         m_displayNameExtra:
2019-10-22 15:56:19.999 T:1870656224  NOTICE:         m_deviceType      : AE_DEVTYPE_HDMI
2019-10-22 15:56:20.000 T:1870656224  NOTICE:         m_channels        : FL, FR
2019-10-22 15:56:20.000 T:1870656224  NOTICE:         m_sampleRates     : 8000,11025,16000,22050,24000,32000,44100,48000,88200,96000,176400,192000
2019-10-22 15:56:20.000 T:1870656224  NOTICE:         m_dataFormats     : AE_FMT_FLOAT,AE_FMT_S32NE,AE_FMT_S16NE,AE_FMT_S32LE,AE_FMT_S16LE,AE_FMT_FLOATP,AE_FMT_S32NEP,AE_FMT_S16NEP,AE_FMT_RAW
2019-10-22 15:56:20.000 T:1870656224  NOTICE:         m_streamTypes     : STREAM_TYPE_AC3,STREAM_TYPE_EAC3,STREAM_TYPE_DTSHD_CORE,STREAM_TYPE_DTS_2048,STREAM_TYPE_DTS_1024,STREAM_TYPE_DTS_512
2019-10-22 15:56:20.000 T:1870656224  NOTICE:     Device 2
2019-10-22 15:56:20.000 T:1870656224  NOTICE:         m_deviceName      : Analogue
2019-10-22 15:56:20.000 T:1870656224  NOTICE:         m_displayName     : Analogue
2019-10-22 15:56:20.000 T:1870656224  NOTICE:         m_displayNameExtra:
2019-10-22 15:56:20.000 T:1870656224  NOTICE:         m_deviceType      : AE_DEVTYPE_PCM
2019-10-22 15:56:20.000 T:1870656224  NOTICE:         m_channels        : FL, FR
2019-10-22 15:56:20.000 T:1870656224  NOTICE:         m_sampleRates     : 48000
2019-10-22 15:56:20.000 T:1870656224  NOTICE:         m_dataFormats     : AE_FMT_FLOAT,AE_FMT_S32LE,AE_FMT_S16LE,AE_FMT_FLOATP,AE_FMT_S32NEP,AE_FMT_S16NEP
2019-10-22 15:56:20.000 T:1870656224  NOTICE:         m_streamTypes     : No passthrough capabilities
2019-10-22 15:56:20.000 T:1870656224  NOTICE:     Device 3
2019-10-22 15:56:20.000 T:1870656224  NOTICE:         m_deviceName      : Both
2019-10-22 15:56:20.000 T:1870656224  NOTICE:         m_displayName     : HDMI and Analogue
2019-10-22 15:56:20.000 T:1870656224  NOTICE:         m_displayNameExtra:
2019-10-22 15:56:20.000 T:1870656224  NOTICE:         m_deviceType      : AE_DEVTYPE_PCM
2019-10-22 15:56:20.000 T:1870656224  NOTICE:         m_channels        : FL, FR
2019-10-22 15:56:20.000 T:1870656224  NOTICE:         m_sampleRates     : 48000
2019-10-22 15:56:20.000 T:1870656224  NOTICE:         m_dataFormats     : AE_FMT_FLOAT,AE_FMT_S32LE,AE_FMT_S16LE,AE_FMT_FLOATP,AE_FMT_S32NEP,AE_FMT_S16NEP
2019-10-22 15:56:20.000 T:1870656224  NOTICE:         m_streamTypes     : No passthrough capabilities
2019-10-22 15:56:20.126 T:1901765472  NOTICE: Raspberry PI firmware version: Mar 27 2019 15:45:53 
                                            Copyright (c) 2012 Broadcom
                                            version 2e98b31d18547962e564bdf88e57b3df7085c29b (clean) (release) (start)
2019-10-22 15:56:20.126 T:1901765472  NOTICE: ARM mem: 768MB GPU mem: 256MB MPG2:0 WVC1:0
2019-10-22 15:56:20.126 T:1901765472  NOTICE: cache.memorysize: 30MB
2019-10-22 15:56:20.127 T:1901765472  NOTICE: Config:
                                            aphy_params_current=819
                                            arm_freq=1400
                                            audio_pwm_mode=514
                                            boot_delay=1
                                            config_hdmi_boost=5
                                            core_freq=400
                                            desired_osc_freq=0x331df0
                                            desired_osc_freq_boost=0x3c45b0
                                            disable_audio_dither=1
                                            disable_commandline_tags=2
                                            disable_l2cache=1
                                            disable_splash=1
                                            display_default_lcd=1
                                            display_hdmi_rotate=-1
                                            display_lcd_rotate=-1
                                            dphy_params_current=547
                                            dpi_group=2
                                            dpi_mode=87
                                            dpi_output_format=519
                                            enable_dpi_lcd=1
                                            force_eeprom_read=1
                                            force_pwm_open=1
                                            framebuffer_ignore_alpha=1
                                            framebuffer_swap=1
                                            gpu_freq=300
                                            hdmi_channel_map=8
                                            hdmi_drive=2
                                            hdmi_force_cec_address=65535
                                            hdmi_ignore_cec_init=1
                                            init_uart_clock=0x2dc6c00
                                            over_voltage_avs=56250
                                            over_voltage_avs_boost=0x27ac4
                                            overscan_scale=1
                                            pause_burst_frames=1
                                            program_serial_random=1
                                            sdram_freq=450
2019-10-22 15:56:20.127 T:1901765472  NOTICE: Config:
                                            device_tree=-
                                            hdmi_timings=320 1 23 30 34 240 1 4 3 15 1 0 0 60 0 6400000 1 #RetroTINK 240p
2019-10-22 15:56:20.127 T:1901765472  NOTICE: Found resolution 320 x 240 with 320 x 240 @ 0.000000 Hz
2019-10-22 15:56:20.127 T:1901765472  NOTICE: Found (320x240@0.000000) at 16, setting to RES_DESKTOP at 16
2019-10-22 15:56:20.128 T:1901765472  NOTICE: EGL_VERSION = 1.4
2019-10-22 15:56:20.128 T:1901765472  NOTICE: EGL_VENDOR = Broadcom
2019-10-22 15:56:20.128 T:1901765472  NOTICE: EGL_EXTENSIONS = EGL_KHR_image EGL_KHR_image_base EGL_KHR_image_pixmap EGL_KHR_vg_parent_image EGL_KHR_gl_texture_2D_image EGL_KHR_gl_texture_cubemap_image EGL_KHR_lock_surface
2019-10-22 15:56:20.128 T:1901765472  NOTICE: EGL_CLIENT_EXTENSIONS = NULL
2019-10-22 15:56:20.129 T:1901765472  NOTICE: Checking resolution 16
2019-10-22 15:56:20.265 T:1901765472  NOTICE: GL_VENDOR = Broadcom
2019-10-22 15:56:20.266 T:1901765472  NOTICE: GL_RENDERER = VideoCore IV HW
2019-10-22 15:56:20.266 T:1901765472  NOTICE: GL_VERSION = OpenGL ES 2.0
2019-10-22 15:56:20.266 T:1901765472  NOTICE: GL_SHADING_LANGUAGE_VERSION = OpenGL ES GLSL ES 1.00
2019-10-22 15:56:20.266 T:1901765472  NOTICE: GL_EXTENSIONS = GL_OES_compressed_ETC1_RGB8_texture GL_OES_compressed_paletted_texture GL_OES_texture_npot GL_OES_depth24 GL_OES_vertex_half_float GL_OES_EGL_image GL_OES_EGL_image_external GL_EXT_discard_framebuffer GL_OES_rgb8_rgba8 GL_OES_depth32 GL_OES_mapbuffer GL_EXT_texture_format_BGRA8888 GL_APPLE_rgb_422 GL_EXT_debug_marker
2019-10-22 15:56:20.696 T:1901765472 WARNING: COMXImageFile::GetCodingType progressive images not supported by decoder
2019-10-22 15:56:20.696 T:1901765472  NOTICE: LoadJpeg: unable to load /usr/share/kodi/media/splash.jpg
2019-10-22 15:56:21.575 T:1776698080  NOTICE: Running database version Addons27
2019-10-22 15:56:21.578 T:1776698080  NOTICE: Running database version ViewModes6
2019-10-22 15:56:21.582 T:1776698080  NOTICE: Running database version Textures13
2019-10-22 15:56:21.594 T:1776698080  NOTICE: Running database version MyMusic72
2019-10-22 15:56:21.611 T:1776698080  NOTICE: Running database version MyVideos116
2019-10-22 15:56:21.617 T:1776698080  NOTICE: Running database version TV32
2019-10-22 15:56:21.622 T:1776698080  NOTICE: Running database version Epg12
2019-10-22 15:56:21.622 T:1901765472  NOTICE: start dvd mediatype detection
2019-10-22 15:56:21.694 T:1901765472  NOTICE:   load skin from: /home/pi/.kodi/addons/skin.confluence (version: 4.6.9)
2019-10-22 15:56:22.466 T:1901765472 WARNING: JSONRPC: Could not parse type "Setting.Details.SettingList"
2019-10-22 15:56:22.640 T:1901765472  NOTICE: Register - new keyboard device registered on application->keyboard: Keyboard (0000:0000)
2019-10-22 15:56:22.642 T:1901765472  NOTICE: Register - new mouse device registered on application->mouse: Mouse (0000:0000)
2019-10-22 15:56:22.647 T:1901765472  NOTICE: Loading player core factory settings from special://xbmc/system/playercorefactory.xml.
2019-10-22 15:56:22.650 T:1901765472  NOTICE: Loaded playercorefactory configuration
2019-10-22 15:56:22.651 T:1901765472  NOTICE: Loading player core factory settings from special://masterprofile/playercorefactory.xml.
2019-10-22 15:56:22.651 T:1901765472  NOTICE: special://masterprofile/playercorefactory.xml does not exist. Skipping.
2019-10-22 15:56:22.681 T:1901765472  NOTICE: initialize done
2019-10-22 15:56:22.681 T:1901765472  NOTICE: Running the application...
2019-10-22 15:56:22.690 T:1901765472  NOTICE: starting zeroconf publishing
2019-10-22 15:56:22.692 T:1682948832  NOTICE: ES: Starting UDP Event server on port 9777
2019-10-22 15:56:22.698 T:1682948832  NOTICE: UDP: Listening on port 9777 (ipv6 : false)
2019-10-22 15:56:22.705 T:1901765472  NOTICE: VideoPlayer::OpenFile: /var/run/lirc/lircd
2019-10-22 15:56:22.714 T:1646256864  NOTICE: Creating InputStream
2019-10-22 15:56:22.714 T:1646256864   ERROR: CVideoPlayer::OpenInputStream - error opening [/var/run/lirc/lircd]
2019-10-22 15:56:22.714 T:1646256864  NOTICE: CVideoPlayer::OnExit()
2019-10-22 15:56:22.827 T:1734734560  NOTICE: Register - new cec device registered on cec->RPI: CEC Adapter (2708:1001)
2019-10-22 15:56:23.177 T:1901765472  NOTICE: CVideoPlayer::CloseFile()
2019-10-22 15:56:23.177 T:1901765472  NOTICE: VideoPlayer: waiting for threads to exit
2019-10-22 15:56:23.177 T:1901765472  NOTICE: VideoPlayer: finished waiting
2019-10-22 15:56:23.252 T:1726341856   ERROR: AddOnLog: Joystick Support: Device "Sony Interactive Entertainment Wireless Controller": can't find <controller> tag
2019-10-22 15:56:23.305 T:1726341856  NOTICE: Register - new joystick device registered on addon->peripheral.joystick/0: DragonRise Inc.   Generic   USB  Joystick
2019-10-22 15:56:23.366 T:1726341856  NOTICE: Register - new joystick device registered on addon->peripheral.joystick/1: HORI CO.,LTD. HORIPAD mini4
2019-10-22 15:56:23.423 T:1726341856  NOTICE: Register - new joystick device registered on addon->peripheral.joystick/2: HORI CO.,LTD. HORIPAD mini4
2019-10-22 15:56:28.407 T:1901765472  NOTICE: Stopping player
2019-10-22 15:56:28.407 T:1901765472  NOTICE: Storing total System Uptime
2019-10-22 15:56:28.407 T:1901765472  NOTICE: Saving settings
2019-10-22 15:56:28.415 T:1901765472  NOTICE: Saving skin settings
2019-10-22 15:56:28.418 T:1901765472  NOTICE: Stopping all
2019-10-22 15:56:33.110 T:1901765472  NOTICE: ES: Stopping event server
2019-10-22 15:56:33.110 T:1901765472  NOTICE: stopping zeroconf publishing
2019-10-22 15:56:33.709 T:1682948832  NOTICE: ES: UDP Event server stopped
2019-10-22 15:56:33.710 T:1901765472  NOTICE: stop dvd detect media
2019-10-22 15:56:33.868 T:1901765472  NOTICE: Application stopped
2019-10-22 15:56:34.068 T:1901765472  NOTICE: XBApplicationEx: destroying...
2019-10-22 15:56:36.873 T:1901765472  NOTICE: unload skin
2019-10-22 15:56:37.012 T:1901765472  NOTICE: unload sections
2019-10-22 15:56:37.315 T:1901765472  NOTICE: XBApplicationEx: application stopped!
