2020-03-20 00:30:43.783 T:1902179168  NOTICE: -----------------------------------------------------------------------
2020-03-20 00:30:43.783 T:1902179168  NOTICE: Starting Kodi (18.2 Git:20190428-a94ccc8ba5). Platform: Linux ARM 32-bit
2020-03-20 00:30:43.783 T:1902179168  NOTICE: Using Release Kodi x32 build (version for Raspberry Pi)
2020-03-20 00:30:43.783 T:1902179168  NOTICE: Kodi compiled 2019-04-30 by GCC 6.3.0 for Linux ARM 32-bit version 4.9.82 (264530)
2020-03-20 00:30:43.783 T:1902179168  NOTICE: Running on Raspbian GNU/Linux 9 (stretch), kernel: Linux ARM 32-bit version 4.14.98-v7+
2020-03-20 00:30:43.797 T:1902179168  NOTICE: FFmpeg version/source: 4.0.3-Kodi
2020-03-20 00:30:43.797 T:1902179168  NOTICE: Host CPU: ARMv7 Processor rev 4 (v7l), 4 cores available
2020-03-20 00:30:43.797 T:1902179168  NOTICE: ARM Features: Neon enabled
2020-03-20 00:30:43.798 T:1902179168  NOTICE: special://xbmc/ is mapped to: /usr/share/kodi
2020-03-20 00:30:43.798 T:1902179168  NOTICE: special://xbmcbin/ is mapped to: /usr/lib/arm-linux-gnueabihf/kodi
2020-03-20 00:30:43.798 T:1902179168  NOTICE: special://xbmcbinaddons/ is mapped to: /usr/lib/arm-linux-gnueabihf/kodi/addons
2020-03-20 00:30:43.798 T:1902179168  NOTICE: special://masterprofile/ is mapped to: /home/pi/.kodi/userdata
2020-03-20 00:30:43.798 T:1902179168  NOTICE: special://envhome/ is mapped to: /home/pi
2020-03-20 00:30:43.798 T:1902179168  NOTICE: special://home/ is mapped to: /home/pi/.kodi
2020-03-20 00:30:43.798 T:1902179168  NOTICE: special://temp/ is mapped to: /home/pi/.kodi/temp
2020-03-20 00:30:43.798 T:1902179168  NOTICE: special://logpath/ is mapped to: /home/pi/.kodi/temp
2020-03-20 00:30:43.798 T:1902179168  NOTICE: The executable running is: /usr/lib/arm-linux-gnueabihf/kodi/kodi-rbpi_v7
2020-03-20 00:30:43.798 T:1902179168  NOTICE: Local hostname: retropie
2020-03-20 00:30:43.798 T:1902179168  NOTICE: Log File is located: /home/pi/.kodi/temp/kodi.log
2020-03-20 00:30:43.798 T:1902179168  NOTICE: -----------------------------------------------------------------------
2020-03-20 00:30:43.817 T:1902179168    INFO: loading settings
2020-03-20 00:30:43.819 T:1902179168  NOTICE: special://profile/ is mapped to: special://masterprofile/
2020-03-20 00:30:43.852 T:1902179168   DEBUG: CSkinSettings: no <skinsettings> tag found
2020-03-20 00:30:43.867 T:1902179168  NOTICE: Loaded settings file from special://xbmc/system/advancedsettings.xml
2020-03-20 00:30:43.867 T:1902179168  NOTICE: Contents of special://xbmc/system/advancedsettings.xml are...
                                            <?xml version="1.0" encoding="UTF-8" ?>
                                            <advancedsettings>
                                              <fanartres>720</fanartres>
                                              <imageres>540</imageres>
                                              <video>
                                                <busydialogdelayms>750</busydialogdelayms>
                                              </video>
                                              <samba>
                                                <clienttimeout>30</clienttimeout>
                                              </samba>
                                              <cache>
                                                <memorysize>31457280</memorysize>
                                              </cache>
                                            </advancedsettings>
2020-03-20 00:30:43.867 T:1902179168 WARNING: CSettingsManager: missing version attribute
2020-03-20 00:30:43.869 T:1902179168  NOTICE: No settings file to load (special://masterprofile/advancedsettings.xml)
2020-03-20 00:30:43.869 T:1902179168  NOTICE: Default Video Player: VideoPlayer
2020-03-20 00:30:43.869 T:1902179168  NOTICE: Default Audio Player: paplayer
2020-03-20 00:30:43.869 T:1902179168  NOTICE: Disabled debug logging due to GUI setting. Level 0.
2020-03-20 00:30:43.869 T:1902179168  NOTICE: Log level changed to "LOG_LEVEL_NORMAL"
2020-03-20 00:30:44.185 T:1902179168  NOTICE: Running database version Addons27
2020-03-20 00:30:44.477 T:1902179168  NOTICE: ADDON: audioencoder.kodi.builtin.aac v1.0.0 installed
2020-03-20 00:30:44.477 T:1902179168  NOTICE: ADDON: audioencoder.kodi.builtin.wma v1.0.0 installed
2020-03-20 00:30:44.477 T:1902179168  NOTICE: ADDON: game.controller.default v1.0.8 installed
2020-03-20 00:30:44.477 T:1902179168  NOTICE: ADDON: game.controller.snes v1.0.8 installed
2020-03-20 00:30:44.477 T:1902179168  NOTICE: ADDON: inputstream.adaptive v2.3.17 installed
2020-03-20 00:30:44.478 T:1902179168  NOTICE: ADDON: inputstream.rtmp v2.0.5 installed
2020-03-20 00:30:44.478 T:1902179168  NOTICE: ADDON: kodi.binary.global.audioengine v1.0.1 installed
2020-03-20 00:30:44.478 T:1902179168  NOTICE: ADDON: kodi.binary.global.filesystem v1.0.2 installed
2020-03-20 00:30:44.478 T:1902179168  NOTICE: ADDON: kodi.binary.global.general v1.0.3 installed
2020-03-20 00:30:44.478 T:1902179168  NOTICE: ADDON: kodi.binary.global.gui v5.12.0 installed
2020-03-20 00:30:44.478 T:1902179168  NOTICE: ADDON: kodi.binary.global.main v1.0.14 installed
2020-03-20 00:30:44.478 T:1902179168  NOTICE: ADDON: kodi.binary.global.network v1.0.0 installed
2020-03-20 00:30:44.478 T:1902179168  NOTICE: ADDON: kodi.binary.instance.audiodecoder v2.0.0 installed
2020-03-20 00:30:44.478 T:1902179168  NOTICE: ADDON: kodi.binary.instance.audioencoder v2.0.0 installed
2020-03-20 00:30:44.478 T:1902179168  NOTICE: ADDON: kodi.binary.instance.game v1.1.0 installed
2020-03-20 00:30:44.478 T:1902179168  NOTICE: ADDON: kodi.binary.instance.imagedecoder v2.0.0 installed
2020-03-20 00:30:44.478 T:1902179168  NOTICE: ADDON: kodi.binary.instance.inputstream v2.0.8 installed
2020-03-20 00:30:44.478 T:1902179168  NOTICE: ADDON: kodi.binary.instance.peripheral v1.3.7 installed
2020-03-20 00:30:44.478 T:1902179168  NOTICE: ADDON: kodi.binary.instance.pvr v5.10.3 installed
2020-03-20 00:30:44.479 T:1902179168  NOTICE: ADDON: kodi.binary.instance.screensaver v2.0.0 installed
2020-03-20 00:30:44.479 T:1902179168  NOTICE: ADDON: kodi.binary.instance.vfs v2.0.0 installed
2020-03-20 00:30:44.479 T:1902179168  NOTICE: ADDON: kodi.binary.instance.videocodec v1.0.1 installed
2020-03-20 00:30:44.479 T:1902179168  NOTICE: ADDON: kodi.binary.instance.visualization v2.0.1 installed
2020-03-20 00:30:44.479 T:1902179168  NOTICE: ADDON: kodi.resource v1.0.0 installed
2020-03-20 00:30:44.479 T:1902179168  NOTICE: ADDON: metadata.album.universal v3.1.2 installed
2020-03-20 00:30:44.479 T:1902179168  NOTICE: ADDON: metadata.artists.universal v4.3.2 installed
2020-03-20 00:30:44.479 T:1902179168  NOTICE: ADDON: metadata.common.allmusic.com v3.2.1 installed
2020-03-20 00:30:44.479 T:1902179168  NOTICE: ADDON: metadata.common.fanart.tv v3.6.2 installed
2020-03-20 00:30:44.479 T:1902179168  NOTICE: ADDON: metadata.common.imdb.com v3.1.4 installed
2020-03-20 00:30:44.479 T:1902179168  NOTICE: ADDON: metadata.common.musicbrainz.org v2.2.1 installed
2020-03-20 00:30:44.479 T:1902179168  NOTICE: ADDON: metadata.common.theaudiodb.com v2.0.3 installed
2020-03-20 00:30:44.479 T:1902179168  NOTICE: ADDON: metadata.common.themoviedb.org v3.1.10 installed
2020-03-20 00:30:44.479 T:1902179168  NOTICE: ADDON: metadata.local v1.0.0 installed
2020-03-20 00:30:44.480 T:1902179168  NOTICE: ADDON: metadata.themoviedb.org v5.1.9 installed
2020-03-20 00:30:44.480 T:1902179168  NOTICE: ADDON: metadata.tvshows.themoviedb.org v3.1.3 installed
2020-03-20 00:30:44.480 T:1902179168  NOTICE: ADDON: peripheral.joystick v1.4.7 installed
2020-03-20 00:30:44.480 T:1902179168  NOTICE: ADDON: repository.xbmc.org v3.1.5 installed
2020-03-20 00:30:44.480 T:1902179168  NOTICE: ADDON: resource.images.weathericons.default v1.1.8 installed
2020-03-20 00:30:44.480 T:1902179168  NOTICE: ADDON: resource.language.en_gb v2.0.1 installed
2020-03-20 00:30:44.480 T:1902179168  NOTICE: ADDON: resource.uisounds.kodi v1.0.0 installed
2020-03-20 00:30:44.480 T:1902179168  NOTICE: ADDON: screensaver.xbmc.builtin.black v1.0.32 installed
2020-03-20 00:30:44.480 T:1902179168  NOTICE: ADDON: screensaver.xbmc.builtin.dim v1.0.54 installed
2020-03-20 00:30:44.480 T:1902179168  NOTICE: ADDON: script.module.pil v1.1.7 installed
2020-03-20 00:30:44.480 T:1902179168  NOTICE: ADDON: script.module.pycryptodome v3.4.3 installed
2020-03-20 00:30:44.480 T:1902179168  NOTICE: ADDON: service.xbmc.versioncheck v0.4.6 installed
2020-03-20 00:30:44.480 T:1902179168  NOTICE: ADDON: skin.confluence v4.6.9 installed
2020-03-20 00:30:44.480 T:1902179168  NOTICE: ADDON: skin.estouchy v2.0.23 installed
2020-03-20 00:30:44.481 T:1902179168  NOTICE: ADDON: skin.estuary v2.0.22 installed
2020-03-20 00:30:44.481 T:1902179168  NOTICE: ADDON: vfs.libarchive v1.0.5 installed
2020-03-20 00:30:44.481 T:1902179168  NOTICE: ADDON: vfs.nfs v1.0.1 installed
2020-03-20 00:30:44.481 T:1902179168  NOTICE: ADDON: vfs.sftp v1.0.1 installed
2020-03-20 00:30:44.481 T:1902179168  NOTICE: ADDON: webinterface.default v18.x-2.4.6 installed
2020-03-20 00:30:44.481 T:1902179168  NOTICE: ADDON: xbmc.addon v18.2.0 installed
2020-03-20 00:30:44.481 T:1902179168  NOTICE: ADDON: xbmc.core v0.1.0 installed
2020-03-20 00:30:44.481 T:1902179168  NOTICE: ADDON: xbmc.gui v5.14.0 installed
2020-03-20 00:30:44.481 T:1902179168  NOTICE: ADDON: xbmc.json v10.3.0 installed
2020-03-20 00:30:44.481 T:1902179168  NOTICE: ADDON: xbmc.metadata v2.1.0 installed
2020-03-20 00:30:44.481 T:1902179168  NOTICE: ADDON: xbmc.python v2.26.0 installed
2020-03-20 00:30:44.481 T:1902179168  NOTICE: ADDON: xbmc.webinterface v1.0.0 installed
2020-03-20 00:30:44.650 T:1902179168   ERROR: DBus error: org.freedesktop.DBus.Error.ServiceUnknown - The name org.freedesktop.UPower was not provided by any .service files
2020-03-20 00:30:44.894 T:1873797856  NOTICE: Found 2 Lists of Devices
2020-03-20 00:30:44.894 T:1873797856  NOTICE: Enumerated ALSA devices:
2020-03-20 00:30:44.894 T:1873797856  NOTICE:     Device 1
2020-03-20 00:30:44.894 T:1873797856  NOTICE:         m_deviceName      : @
2020-03-20 00:30:44.894 T:1873797856  NOTICE:         m_displayName     : Default (bcm2835 ALSA bcm2835 ALSA)
2020-03-20 00:30:44.894 T:1873797856  NOTICE:         m_displayNameExtra:
2020-03-20 00:30:44.894 T:1873797856  NOTICE:         m_deviceType      : AE_DEVTYPE_PCM
2020-03-20 00:30:44.894 T:1873797856  NOTICE:         m_channels        : FL, FR
2020-03-20 00:30:44.894 T:1873797856  NOTICE:         m_sampleRates     : 8000,11025,16000,22050,32000,44100,48000
2020-03-20 00:30:44.894 T:1873797856  NOTICE:         m_dataFormats     : AE_FMT_S16NE,AE_FMT_S16LE,AE_FMT_U8
2020-03-20 00:30:44.894 T:1873797856  NOTICE:         m_streamTypes     : No passthrough capabilities
2020-03-20 00:30:44.894 T:1873797856  NOTICE:     Device 2
2020-03-20 00:30:44.895 T:1873797856  NOTICE:         m_deviceName      : sysdefault:CARD=ALSA
2020-03-20 00:30:44.895 T:1873797856  NOTICE:         m_displayName     : bcm2835 ALSA
2020-03-20 00:30:44.895 T:1873797856  NOTICE:         m_displayNameExtra: bcm2835 ALSA
2020-03-20 00:30:44.895 T:1873797856  NOTICE:         m_deviceType      : AE_DEVTYPE_PCM
2020-03-20 00:30:44.895 T:1873797856  NOTICE:         m_channels        : FL, FR
2020-03-20 00:30:44.895 T:1873797856  NOTICE:         m_sampleRates     : 8000,11025,16000,22050,32000,44100,48000
2020-03-20 00:30:44.895 T:1873797856  NOTICE:         m_dataFormats     : AE_FMT_S16NE,AE_FMT_S16LE,AE_FMT_U8
2020-03-20 00:30:44.895 T:1873797856  NOTICE:         m_streamTypes     : No passthrough capabilities
2020-03-20 00:30:44.895 T:1873797856  NOTICE: Enumerated PI devices:
2020-03-20 00:30:44.895 T:1873797856  NOTICE:     Device 1
2020-03-20 00:30:44.895 T:1873797856  NOTICE:         m_deviceName      : HDMI
2020-03-20 00:30:44.895 T:1873797856  NOTICE:         m_displayName     : HDMI
2020-03-20 00:30:44.895 T:1873797856  NOTICE:         m_displayNameExtra:
2020-03-20 00:30:44.895 T:1873797856  NOTICE:         m_deviceType      : AE_DEVTYPE_HDMI
2020-03-20 00:30:44.895 T:1873797856  NOTICE:         m_channels        : FL, FR
2020-03-20 00:30:44.895 T:1873797856  NOTICE:         m_sampleRates     : 8000,11025,16000,22050,24000,32000,44100,48000,88200,96000,176400,192000
2020-03-20 00:30:44.895 T:1873797856  NOTICE:         m_dataFormats     : AE_FMT_FLOAT,AE_FMT_S32NE,AE_FMT_S16NE,AE_FMT_S32LE,AE_FMT_S16LE,AE_FMT_FLOATP,AE_FMT_S32NEP,AE_FMT_S16NEP,AE_FMT_RAW
2020-03-20 00:30:44.895 T:1873797856  NOTICE:         m_streamTypes     : STREAM_TYPE_AC3,STREAM_TYPE_EAC3,STREAM_TYPE_DTSHD_CORE,STREAM_TYPE_DTS_2048,STREAM_TYPE_DTS_1024,STREAM_TYPE_DTS_512
2020-03-20 00:30:44.895 T:1873797856  NOTICE:     Device 2
2020-03-20 00:30:44.895 T:1873797856  NOTICE:         m_deviceName      : Analogue
2020-03-20 00:30:44.895 T:1873797856  NOTICE:         m_displayName     : Analogue
2020-03-20 00:30:44.895 T:1873797856  NOTICE:         m_displayNameExtra:
2020-03-20 00:30:44.895 T:1873797856  NOTICE:         m_deviceType      : AE_DEVTYPE_PCM
2020-03-20 00:30:44.895 T:1873797856  NOTICE:         m_channels        : FL, FR
2020-03-20 00:30:44.896 T:1873797856  NOTICE:         m_sampleRates     : 48000
2020-03-20 00:30:44.896 T:1873797856  NOTICE:         m_dataFormats     : AE_FMT_FLOAT,AE_FMT_S32LE,AE_FMT_S16LE,AE_FMT_FLOATP,AE_FMT_S32NEP,AE_FMT_S16NEP
2020-03-20 00:30:44.896 T:1873797856  NOTICE:         m_streamTypes     : No passthrough capabilities
2020-03-20 00:30:44.896 T:1873797856  NOTICE:     Device 3
2020-03-20 00:30:44.896 T:1873797856  NOTICE:         m_deviceName      : Both
2020-03-20 00:30:44.896 T:1873797856  NOTICE:         m_displayName     : HDMI and Analogue
2020-03-20 00:30:44.896 T:1873797856  NOTICE:         m_displayNameExtra:
2020-03-20 00:30:44.896 T:1873797856  NOTICE:         m_deviceType      : AE_DEVTYPE_PCM
2020-03-20 00:30:44.896 T:1873797856  NOTICE:         m_channels        : FL, FR
2020-03-20 00:30:44.896 T:1873797856  NOTICE:         m_sampleRates     : 48000
2020-03-20 00:30:44.896 T:1873797856  NOTICE:         m_dataFormats     : AE_FMT_FLOAT,AE_FMT_S32LE,AE_FMT_S16LE,AE_FMT_FLOATP,AE_FMT_S32NEP,AE_FMT_S16NEP
2020-03-20 00:30:44.896 T:1873797856  NOTICE:         m_streamTypes     : No passthrough capabilities
2020-03-20 00:30:45.025 T:1902179168  NOTICE: Raspberry PI firmware version: Mar 27 2019 15:45:53 
                                            Copyright (c) 2012 Broadcom
                                            version 2e98b31d18547962e564bdf88e57b3df7085c29b (clean) (release) (start)
2020-03-20 00:30:45.025 T:1902179168  NOTICE: ARM mem: 768MB GPU mem: 256MB MPG2:0 WVC1:0
2020-03-20 00:30:45.025 T:1902179168  NOTICE: cache.memorysize: 30MB
2020-03-20 00:30:45.025 T:1902179168  NOTICE: Config:
                                            aphy_params_current=819
                                            arm_freq=1200
                                            audio_pwm_mode=514
                                            boot_delay=1
                                            config_hdmi_boost=5
                                            core_freq=400
                                            desired_osc_freq=0x36ee80
                                            disable_audio_dither=1
                                            disable_commandline_tags=2
                                            disable_l2cache=1
                                            disable_splash=1
                                            display_default_lcd=1
                                            display_hdmi_rotate=-1
                                            display_lcd_rotate=-1
                                            dphy_params_current=547
                                            dpi_group=2
                                            dpi_mode=87
                                            enable_dpi_lcd=1
                                            force_eeprom_read=1
                                            force_pwm_open=1
                                            framebuffer_ignore_alpha=1
                                            framebuffer_swap=1
                                            gpu_freq=300
                                            hdmi_channel_map=8
                                            hdmi_drive=2
                                            hdmi_force_cec_address=65535
                                            hdmi_force_hotplug=1
                                            hdmi_ignore_edid=0xa5000080
                                            init_uart_clock=0x2dc6c00
                                            over_voltage_avs=0x16e36
                                            pause_burst_frames=1
                                            program_serial_random=1
                                            sdram_freq=450
2020-03-20 00:30:45.025 T:1902179168  NOTICE: Config:
                                            device_tree=-
                                            hdmi_timings=640 1 56 56 80 480 0 1 3 25 0 0 0 65 0 36000000 1
2020-03-20 00:30:45.025 T:1902179168  NOTICE: Found resolution 640 x 480 with 640 x 480 @ 0.000000 Hz
2020-03-20 00:30:45.026 T:1902179168  NOTICE: Found (640x480@0.000000) at 16, setting to RES_DESKTOP at 16
2020-03-20 00:30:45.026 T:1902179168  NOTICE: EGL_VERSION = 1.4
2020-03-20 00:30:45.026 T:1902179168  NOTICE: EGL_VENDOR = Broadcom
2020-03-20 00:30:45.026 T:1902179168  NOTICE: EGL_EXTENSIONS = EGL_KHR_image EGL_KHR_image_base EGL_KHR_image_pixmap EGL_KHR_vg_parent_image EGL_KHR_gl_texture_2D_image EGL_KHR_gl_texture_cubemap_image EGL_KHR_lock_surface
2020-03-20 00:30:45.026 T:1902179168  NOTICE: EGL_CLIENT_EXTENSIONS = NULL
2020-03-20 00:30:45.027 T:1902179168  NOTICE: Checking resolution 16
2020-03-20 00:30:45.166 T:1902179168  NOTICE: GL_VENDOR = Broadcom
2020-03-20 00:30:45.166 T:1902179168  NOTICE: GL_RENDERER = VideoCore IV HW
2020-03-20 00:30:45.166 T:1902179168  NOTICE: GL_VERSION = OpenGL ES 2.0
2020-03-20 00:30:45.166 T:1902179168  NOTICE: GL_SHADING_LANGUAGE_VERSION = OpenGL ES GLSL ES 1.00
2020-03-20 00:30:45.166 T:1902179168  NOTICE: GL_EXTENSIONS = GL_OES_compressed_ETC1_RGB8_texture GL_OES_compressed_paletted_texture GL_OES_texture_npot GL_OES_depth24 GL_OES_vertex_half_float GL_OES_EGL_image GL_OES_EGL_image_external GL_EXT_discard_framebuffer GL_OES_rgb8_rgba8 GL_OES_depth32 GL_OES_mapbuffer GL_EXT_texture_format_BGRA8888 GL_APPLE_rgb_422 GL_EXT_debug_marker
2020-03-20 00:30:45.683 T:1902179168 WARNING: COMXImageFile::GetCodingType progressive images not supported by decoder
2020-03-20 00:30:45.683 T:1902179168  NOTICE: LoadJpeg: unable to load /usr/share/kodi/media/splash.jpg
2020-03-20 00:30:46.663 T:1779843808  NOTICE: Running database version Addons27
2020-03-20 00:30:46.667 T:1779843808  NOTICE: Running database version ViewModes6
2020-03-20 00:30:46.671 T:1779843808  NOTICE: Running database version Textures13
2020-03-20 00:30:46.684 T:1779843808  NOTICE: Running database version MyMusic72
2020-03-20 00:30:46.702 T:1779843808  NOTICE: Running database version MyVideos116
2020-03-20 00:30:46.708 T:1779843808  NOTICE: Running database version TV32
2020-03-20 00:30:46.713 T:1779843808  NOTICE: Running database version Epg12
2020-03-20 00:30:46.714 T:1902179168  NOTICE: start dvd mediatype detection
2020-03-20 00:30:46.799 T:1902179168  NOTICE:   load skin from: /home/pi/.kodi/addons/skin.confluence (version: 4.6.9)
2020-03-20 00:30:47.666 T:1902179168 WARNING: JSONRPC: Could not parse type "Setting.Details.SettingList"
2020-03-20 00:30:47.846 T:1902179168  NOTICE: Register - new keyboard device registered on application->keyboard: Keyboard (0000:0000)
2020-03-20 00:30:47.848 T:1902179168  NOTICE: Register - new mouse device registered on application->mouse: Mouse (0000:0000)
2020-03-20 00:30:47.851 T:1902179168  NOTICE: Loading player core factory settings from special://xbmc/system/playercorefactory.xml.
2020-03-20 00:30:47.854 T:1902179168  NOTICE: Loaded playercorefactory configuration
2020-03-20 00:30:47.855 T:1902179168  NOTICE: Loading player core factory settings from special://masterprofile/playercorefactory.xml.
2020-03-20 00:30:47.855 T:1902179168  NOTICE: special://masterprofile/playercorefactory.xml does not exist. Skipping.
2020-03-20 00:30:47.876 T:1902179168  NOTICE: initialize done
2020-03-20 00:30:47.877 T:1902179168  NOTICE: Running the application...
2020-03-20 00:30:47.887 T:1902179168  NOTICE: starting zeroconf publishing
2020-03-20 00:30:47.890 T:1702318816  NOTICE: ES: Starting UDP Event server on port 9777
2020-03-20 00:30:47.890 T:1702318816  NOTICE: UDP: Listening on port 9777 (ipv6 : false)
2020-03-20 00:30:47.910 T:1902179168  NOTICE: VideoPlayer::OpenFile: /var/run/lirc/lircd
2020-03-20 00:30:47.911 T:1657590496  NOTICE: Creating InputStream
2020-03-20 00:30:47.912 T:1657590496   ERROR: CVideoPlayer::OpenInputStream - error opening [/var/run/lirc/lircd]
2020-03-20 00:30:47.912 T:1657590496  NOTICE: CVideoPlayer::OnExit()
2020-03-20 00:30:47.990 T:1744282336  NOTICE: Register - new cec device registered on cec->RPI: CEC Adapter (2708:1001)
2020-03-20 00:30:48.397 T:1902179168  NOTICE: CVideoPlayer::CloseFile()
2020-03-20 00:30:48.398 T:1902179168  NOTICE: VideoPlayer: waiting for threads to exit
2020-03-20 00:30:48.398 T:1902179168  NOTICE: VideoPlayer: finished waiting
2020-03-20 00:30:48.471 T:1735889632   ERROR: AddOnLog: Joystick Support: Device "Sony Interactive Entertainment Wireless Controller": can't find <controller> tag
2020-03-20 00:30:48.530 T:1735889632  NOTICE: Register - new joystick device registered on addon->peripheral.joystick/0: RetroUSB.com SNES RetroPort
2020-03-20 00:31:04.716 T:1779843808  NOTICE: ADDON: audioencoder.kodi.builtin.aac v1.0.0 installed
2020-03-20 00:31:04.716 T:1779843808  NOTICE: ADDON: audioencoder.kodi.builtin.wma v1.0.0 installed
2020-03-20 00:31:04.716 T:1779843808  NOTICE: ADDON: game.controller.default v1.0.8 installed
2020-03-20 00:31:04.716 T:1779843808  NOTICE: ADDON: game.controller.snes v1.0.8 installed
2020-03-20 00:31:04.716 T:1779843808  NOTICE: ADDON: inputstream.adaptive v2.3.17 installed
2020-03-20 00:31:04.716 T:1779843808  NOTICE: ADDON: inputstream.rtmp v2.0.5 installed
2020-03-20 00:31:04.716 T:1779843808  NOTICE: ADDON: kodi.binary.global.audioengine v1.0.1 installed
2020-03-20 00:31:04.716 T:1779843808  NOTICE: ADDON: kodi.binary.global.filesystem v1.0.2 installed
2020-03-20 00:31:04.716 T:1779843808  NOTICE: ADDON: kodi.binary.global.general v1.0.3 installed
2020-03-20 00:31:04.716 T:1779843808  NOTICE: ADDON: kodi.binary.global.gui v5.12.0 installed
2020-03-20 00:31:04.716 T:1779843808  NOTICE: ADDON: kodi.binary.global.main v1.0.14 installed
2020-03-20 00:31:04.716 T:1779843808  NOTICE: ADDON: kodi.binary.global.network v1.0.0 installed
2020-03-20 00:31:04.716 T:1779843808  NOTICE: ADDON: kodi.binary.instance.audiodecoder v2.0.0 installed
2020-03-20 00:31:04.716 T:1779843808  NOTICE: ADDON: kodi.binary.instance.audioencoder v2.0.0 installed
2020-03-20 00:31:04.716 T:1779843808  NOTICE: ADDON: kodi.binary.instance.game v1.1.0 installed
2020-03-20 00:31:04.716 T:1779843808  NOTICE: ADDON: kodi.binary.instance.imagedecoder v2.0.0 installed
2020-03-20 00:31:04.716 T:1779843808  NOTICE: ADDON: kodi.binary.instance.inputstream v2.0.8 installed
2020-03-20 00:31:04.717 T:1779843808  NOTICE: ADDON: kodi.binary.instance.peripheral v1.3.7 installed
2020-03-20 00:31:04.717 T:1779843808  NOTICE: ADDON: kodi.binary.instance.pvr v5.10.3 installed
2020-03-20 00:31:04.717 T:1779843808  NOTICE: ADDON: kodi.binary.instance.screensaver v2.0.0 installed
2020-03-20 00:31:04.717 T:1779843808  NOTICE: ADDON: kodi.binary.instance.vfs v2.0.0 installed
2020-03-20 00:31:04.717 T:1779843808  NOTICE: ADDON: kodi.binary.instance.videocodec v1.0.1 installed
2020-03-20 00:31:04.717 T:1779843808  NOTICE: ADDON: kodi.binary.instance.visualization v2.0.1 installed
2020-03-20 00:31:04.717 T:1779843808  NOTICE: ADDON: kodi.resource v1.0.0 installed
2020-03-20 00:31:04.717 T:1779843808  NOTICE: ADDON: metadata.album.universal v3.1.2 installed
2020-03-20 00:31:04.717 T:1779843808  NOTICE: ADDON: metadata.artists.universal v4.3.2 installed
2020-03-20 00:31:04.717 T:1779843808  NOTICE: ADDON: metadata.common.allmusic.com v3.2.1 installed
2020-03-20 00:31:04.717 T:1779843808  NOTICE: ADDON: metadata.common.fanart.tv v3.6.2 installed
2020-03-20 00:31:04.717 T:1779843808  NOTICE: ADDON: metadata.common.imdb.com v3.1.4 installed
2020-03-20 00:31:04.717 T:1779843808  NOTICE: ADDON: metadata.common.musicbrainz.org v2.2.1 installed
2020-03-20 00:31:04.717 T:1779843808  NOTICE: ADDON: metadata.common.theaudiodb.com v2.0.3 installed
2020-03-20 00:31:04.717 T:1779843808  NOTICE: ADDON: metadata.common.themoviedb.org v3.1.10 installed
2020-03-20 00:31:04.717 T:1779843808  NOTICE: ADDON: metadata.local v1.0.0 installed
2020-03-20 00:31:04.717 T:1779843808  NOTICE: ADDON: metadata.themoviedb.org v5.1.10 installed
2020-03-20 00:31:04.717 T:1779843808  NOTICE: ADDON: metadata.tvshows.themoviedb.org v3.5.2 installed
2020-03-20 00:31:04.717 T:1779843808  NOTICE: ADDON: peripheral.joystick v1.4.7 installed
2020-03-20 00:31:04.717 T:1779843808  NOTICE: ADDON: repository.xbmc.org v3.1.5 installed
2020-03-20 00:31:04.717 T:1779843808  NOTICE: ADDON: resource.images.weathericons.default v1.1.8 installed
2020-03-20 00:31:04.717 T:1779843808  NOTICE: ADDON: resource.language.en_gb v2.0.1 installed
2020-03-20 00:31:04.717 T:1779843808  NOTICE: ADDON: resource.uisounds.kodi v1.0.0 installed
2020-03-20 00:31:04.717 T:1779843808  NOTICE: ADDON: screensaver.xbmc.builtin.black v1.0.32 installed
2020-03-20 00:31:04.717 T:1779843808  NOTICE: ADDON: screensaver.xbmc.builtin.dim v1.0.54 installed
2020-03-20 00:31:04.718 T:1779843808  NOTICE: ADDON: script.module.pil v1.1.7 installed
2020-03-20 00:31:04.718 T:1779843808  NOTICE: ADDON: script.module.pycryptodome v3.4.3 installed
2020-03-20 00:31:04.718 T:1779843808  NOTICE: ADDON: service.xbmc.versioncheck v0.4.6 installed
2020-03-20 00:31:04.718 T:1779843808  NOTICE: ADDON: skin.confluence v4.6.9 installed
2020-03-20 00:31:04.718 T:1779843808  NOTICE: ADDON: skin.estouchy v2.0.23 installed
2020-03-20 00:31:04.718 T:1779843808  NOTICE: ADDON: skin.estuary v2.0.22 installed
2020-03-20 00:31:04.718 T:1779843808  NOTICE: ADDON: vfs.libarchive v1.0.5 installed
2020-03-20 00:31:04.718 T:1779843808  NOTICE: ADDON: vfs.nfs v1.0.1 installed
2020-03-20 00:31:04.718 T:1779843808  NOTICE: ADDON: vfs.sftp v1.0.1 installed
2020-03-20 00:31:04.718 T:1779843808  NOTICE: ADDON: webinterface.default v18.x-2.4.6 installed
2020-03-20 00:31:04.718 T:1779843808  NOTICE: ADDON: xbmc.addon v18.2.0 installed
2020-03-20 00:31:04.718 T:1779843808  NOTICE: ADDON: xbmc.core v0.1.0 installed
2020-03-20 00:31:04.718 T:1779843808  NOTICE: ADDON: xbmc.gui v5.14.0 installed
2020-03-20 00:31:04.718 T:1779843808  NOTICE: ADDON: xbmc.json v10.3.0 installed
2020-03-20 00:31:04.718 T:1779843808  NOTICE: ADDON: xbmc.metadata v2.1.0 installed
2020-03-20 00:31:04.718 T:1779843808  NOTICE: ADDON: xbmc.python v2.26.0 installed
2020-03-20 00:31:04.718 T:1779843808  NOTICE: ADDON: xbmc.webinterface v1.0.0 installed
2020-03-20 00:31:34.549 T:1902179168  NOTICE: Quitting due to POSIX signal
2020-03-20 00:31:34.581 T:1902179168  NOTICE: Stopping player
2020-03-20 00:31:34.582 T:1902179168  NOTICE: Storing total System Uptime
2020-03-20 00:31:34.582 T:1902179168  NOTICE: Saving settings
2020-03-20 00:31:34.590 T:1902179168  NOTICE: Saving skin settings
2020-03-20 00:31:34.592 T:1902179168  NOTICE: Stopping all
2020-03-20 00:31:37.029 T:1710711520   ERROR: Copy - User aborted copy
2020-03-20 00:31:37.041 T:1710711520   ERROR: CAddonInstallJob[service.xbmc.versioncheck]: failed to download special://home/addons/packages/service.xbmc.versioncheck-0.5.4.zip
2020-03-20 00:31:37.047 T:1902179168  NOTICE: ES: Stopping event server
2020-03-20 00:31:37.047 T:1902179168  NOTICE: stopping zeroconf publishing
2020-03-20 00:31:37.941 T:1702318816  NOTICE: ES: UDP Event server stopped
2020-03-20 00:31:37.942 T:1902179168  NOTICE: stop dvd detect media
2020-03-20 00:31:38.046 T:1902179168  NOTICE: Application stopped
2020-03-20 00:31:38.247 T:1902179168  NOTICE: XBApplicationEx: destroying...
2020-03-20 00:31:42.867 T:1902179168  NOTICE: unload skin
2020-03-20 00:31:42.938 T:1902179168  NOTICE: unload sections
2020-03-20 00:31:43.043 T:1902179168  NOTICE: XBApplicationEx: application stopped!
